# JRE version: Java(TM) SE Runtime Environment (8.0_211-b12) (build 1.8.0_211-b12)
# Java VM: Java HotSpot(TM) 64-Bit Server VM (25.211-b12 mixed mode windows-amd64 compressed oops)
Heap:
 PSYoungGen      total 1483776K, used 942385K [0x0000000760000000, 0x00000007c0000000, 0x00000007c0000000)
  eden space 1399808K, 67% used [0x0000000760000000,0x000000079984c430,0x00000007b5700000)
  from space 83968K, 0% used [0x00000007b5700000,0x00000007b5700000,0x00000007ba900000)
  to   space 89088K, 85% used [0x00000007ba900000,0x00000007bf3ba5a8,0x00000007c0000000)
 ParOldGen       total 306688K, used 229750K [0x00000006a0000000, 0x00000006b2b80000, 0x0000000760000000)
  object space 306688K, 74% used [0x00000006a0000000,0x00000006ae05d9c0,0x00000006b2b80000)
 Metaspace       used 108620K, capacity 117562K, committed 117888K, reserved 1150976K
  class space    used 14229K, capacity 16157K, committed 16256K, reserved 1048576K
GC Heap History (10 events):
Event: 245.948 GC heap before
{Heap before GC invocations=42 (full 7):
 PSYoungGen      total 1358336K, used 1358025K [0x0000000760000000, 0x00000007baa80000, 0x00000007c0000000)
  eden space 1309184K, 100% used [0x0000000760000000,0x00000007afe80000,0x00000007afe80000)
  from space 49152K, 99% used [0x00000007b7a80000,0x00000007baa325e0,0x00000007baa80000)
  to   space 86528K, 0% used [0x00000007b0180000,0x00000007b0180000,0x00000007b5600000)
 ParOldGen       total 220160K, used 178582K [0x00000006a0000000, 0x00000006ad700000, 0x0000000760000000)
  object space 220160K, 81% used [0x00000006a0000000,0x00000006aae65918,0x00000006ad700000)
 Metaspace       used 106358K, capacity 114814K, committed 114944K, reserved 1148928K
  class space    used 13998K, capacity 15869K, committed 15872K, reserved 1048576K
Event: 246.199 GC heap after
Heap after GC invocations=42 (full 7):
 PSYoungGen      total 1398784K, used 59107K [0x0000000760000000, 0x00000007c0000000, 0x00000007c0000000)
  eden space 1312256K, 0% used [0x0000000760000000,0x0000000760000000,0x00000007b0180000)
  from space 86528K, 68% used [0x00000007b0180000,0x00000007b3b38eb0,0x00000007b5600000)
  to   space 86528K, 0% used [0x00000007bab80000,0x00000007bab80000,0x00000007c0000000)
 ParOldGen       total 220160K, used 178870K [0x00000006a0000000, 0x00000006ad700000, 0x0000000760000000)
  object space 220160K, 81% used [0x00000006a0000000,0x00000006aaead918,0x00000006ad700000)
 Metaspace       used 106358K, capacity 114814K, committed 114944K, reserved 1148928K
  class space    used 13998K, capacity 15869K, committed 15872K, reserved 1048576K
}
Event: 257.344 GC heap before
{Heap before GC invocations=43 (full 7):
 PSYoungGen      total 1398784K, used 1371363K [0x0000000760000000, 0x00000007c0000000, 0x00000007c0000000)
  eden space 1312256K, 100% used [0x0000000760000000,0x00000007b0180000,0x00000007b0180000)
  from space 86528K, 68% used [0x00000007b0180000,0x00000007b3b38eb0,0x00000007b5600000)
  to   space 86528K, 0% used [0x00000007bab80000,0x00000007bab80000,0x00000007c0000000)
 ParOldGen       total 220160K, used 178870K [0x00000006a0000000, 0x00000006ad700000, 0x0000000760000000)
  object space 220160K, 81% used [0x00000006a0000000,0x00000006aaead918,0x00000006ad700000)
 Metaspace       used 106931K, capacity 115458K, committed 115584K, reserved 1148928K
  class space    used 14038K, capacity 15909K, committed 16000K, reserved 1048576K
Event: 257.620 GC heap after
Heap after GC invocations=43 (full 7):
 PSYoungGen      total 1481216K, used 44256K [0x0000000760000000, 0x00000007bfb00000, 0x00000007c0000000)
  eden space 1399808K, 0% used [0x0000000760000000,0x0000000760000000,0x00000007b5700000)
  from space 81408K, 54% used [0x00000007bab80000,0x00000007bd6b8180,0x00000007bfb00000)
  to   space 83968K, 0% used [0x00000007b5700000,0x00000007b5700000,0x00000007ba900000)
 ParOldGen       total 220160K, used 181724K [0x00000006a0000000, 0x00000006ad700000, 0x0000000760000000)
  object space 220160K, 82% used [0x00000006a0000000,0x00000006ab1770f0,0x00000006ad700000)
 Metaspace       used 106931K, capacity 115458K, committed 115584K, reserved 1148928K
  class space    used 14038K, capacity 15909K, committed 16000K, reserved 1048576K
}
Event: 270.474 GC heap before
{Heap before GC invocations=44 (full 7):
 PSYoungGen      total 1481216K, used 1444064K [0x0000000760000000, 0x00000007bfb00000, 0x00000007c0000000)
  eden space 1399808K, 100% used [0x0000000760000000,0x00000007b5700000,0x00000007b5700000)
  from space 81408K, 54% used [0x00000007bab80000,0x00000007bd6b8180,0x00000007bfb00000)
  to   space 83968K, 0% used [0x00000007b5700000,0x00000007b5700000,0x00000007ba900000)
 ParOldGen       total 220160K, used 181724K [0x00000006a0000000, 0x00000006ad700000, 0x0000000760000000)
  object space 220160K, 82% used [0x00000006a0000000,0x00000006ab1770f0,0x00000006ad700000)
 Metaspace       used 107875K, capacity 116480K, committed 116736K, reserved 1150976K
  class space    used 14180K, capacity 16062K, committed 16128K, reserved 1048576K
Event: 271.124 GC heap after
Heap after GC invocations=44 (full 7):
 PSYoungGen      total 1483776K, used 83955K [0x0000000760000000, 0x00000007c0000000, 0x00000007c0000000)
  eden space 1399808K, 0% used [0x0000000760000000,0x0000000760000000,0x00000007b5700000)
  from space 83968K, 99% used [0x00000007b5700000,0x00000007ba8fcdb8,0x00000007ba900000)
  to   space 89088K, 0% used [0x00000007ba900000,0x00000007ba900000,0x00000007c0000000)
 ParOldGen       total 220160K, used 197126K [0x00000006a0000000, 0x00000006ad700000, 0x0000000760000000)
  object space 220160K, 89% used [0x00000006a0000000,0x00000006ac081948,0x00000006ad700000)
 Metaspace       used 107875K, capacity 116480K, committed 116736K, reserved 1150976K
  class space    used 14180K, capacity 16062K, committed 16128K, reserved 1048576K
}
Event: 285.372 GC heap before
{Heap before GC invocations=45 (full 7):
 PSYoungGen      total 1483776K, used 1483763K [0x0000000760000000, 0x00000007c0000000, 0x00000007c0000000)
  eden space 1399808K, 100% used [0x0000000760000000,0x00000007b5700000,0x00000007b5700000)
  from space 83968K, 99% used [0x00000007b5700000,0x00000007ba8fcdb8,0x00000007ba900000)
  to   space 89088K, 0% used [0x00000007ba900000,0x00000007ba900000,0x00000007c0000000)
 ParOldGen       total 220160K, used 197126K [0x00000006a0000000, 0x00000006ad700000, 0x0000000760000000)
  object space 220160K, 89% used [0x00000006a0000000,0x00000006ac081948,0x00000006ad700000)
 Metaspace       used 108592K, capacity 117416K, committed 117632K, reserved 1150976K
  class space    used 14261K, capacity 16182K, committed 16256K, reserved 1048576K
Event: 287.063 GC heap after
Heap after GC invocations=45 (full 7):
 PSYoungGen      total 1483776K, used 1483763K [0x0000000760000000, 0x00000007c0000000, 0x00000007c0000000)
  eden space 1399808K, 100% used [0x0000000760000000,0x00000007b5700000,0x00000007b5700000)
  from space 83968K, 99% used [0x00000007b5700000,0x00000007ba8fcdb8,0x00000007ba900000)
  to   space 89088K, 99% used [0x00000007ba900000,0x00000007bfffa4b0,0x00000007c0000000)
 ParOldGen       total 229888K, used 229887K [0x00000006a0000000, 0x00000006ae080000, 0x0000000760000000)
  object space 229888K, 99% used [0x00000006a0000000,0x00000006ae07fcb0,0x00000006ae080000)
 Metaspace       used 108592K, capacity 117416K, committed 117632K, reserved 1150976K
  class space    used 14261K, capacity 16182K, committed 16256K, reserved 1048576K
}
Event: 287.084 GC heap before
{Heap before GC invocations=46 (full 8):
 PSYoungGen      total 1483776K, used 1483763K [0x0000000760000000, 0x00000007c0000000, 0x00000007c0000000)
  eden space 1399808K, 100% used [0x0000000760000000,0x00000007b5700000,0x00000007b5700000)
  from space 83968K, 99% used [0x00000007b5700000,0x00000007ba8fcdb8,0x00000007ba900000)
  to   space 89088K, 99% used [0x00000007ba900000,0x00000007bfffa4b0,0x00000007c0000000)
 ParOldGen       total 229888K, used 229887K [0x00000006a0000000, 0x00000006ae080000, 0x0000000760000000)
  object space 229888K, 99% used [0x00000006a0000000,0x00000006ae07fcb0,0x00000006ae080000)
 Metaspace       used 108592K, capacity 117416K, committed 117632K, reserved 1150976K
  class space    used 14261K, capacity 16182K, committed 16256K, reserved 1048576K
Event: 294.868 GC heap after
Heap after GC invocations=46 (full 8):
 PSYoungGen      total 1483776K, used 0K [0x0000000760000000, 0x00000007c0000000, 0x00000007c0000000)
  eden space 1399808K, 0% used [0x0000000760000000,0x0000000760000000,0x00000007b5700000)
  from space 83968K, 0% used [0x00000007b5700000,0x00000007b5700000,0x00000007ba900000)
  to   space 89088K, 85% used [0x00000007ba900000,0x00000007bf3ba5a8,0x00000007c0000000)
 ParOldGen       total 306688K, used 229750K [0x00000006a0000000, 0x00000006b2b80000, 0x0000000760000000)
  object space 306688K, 74% used [0x00000006a0000000,0x00000006ae05d9c0,0x00000006b2b80000)
 Metaspace       used 107714K, capacity 116462K, committed 117632K, reserved 1150976K
  class space    used 14132K, capacity 16035K, committed 16256K, reserved 1048576K
}

